<?xml version="1.0" encoding="UTF-8"?>
<testng-results ignored="0" total="12" passed="12" failed="0" skipped="0">
  <reporter-output>
  </reporter-output>
  <suite started-at="2024-02-13T21:43:35 IST" name="Default Suite" finished-at="2024-02-13T21:44:37 IST" duration-ms="61983">
    <groups>
      <group name="cucumber">
        <method signature="AbstractTestNGCucumberTests.runScenario(io.cucumber.testng.PickleWrapper,io.cucumber.testng.FeatureWrapper)[pri:0, instance:TestRunner@33990a0c]" name="runScenario" class="io.cucumber.testng.AbstractTestNGCucumberTests"/>
      </group> <!-- cucumber -->
    </groups>
    <test started-at="2024-02-13T21:43:35 IST" name="LoginMethodTest" finished-at="2024-02-13T21:44:37 IST" duration-ms="61983">
      <class name="TestRunner">
        <test-method is-config="true" signature="setUpClass(org.testng.ITestContext)[pri:0, instance:TestRunner@33990a0c]" started-at="2024-02-13T21:43:36 IST" name="setUpClass" finished-at="2024-02-13T21:43:36 IST" duration-ms="569" status="PASS">
          <params>
            <param index="0">
              <value>
                <![CDATA[org.testng.TestRunner@390a07a0]]>
              </value>
            </param>
          </params>
          <reporter-output>
          </reporter-output>
        </test-method> <!-- setUpClass -->
        <test-method signature="runScenario(io.cucumber.testng.PickleWrapper,io.cucumber.testng.FeatureWrapper)[pri:0, instance:TestRunner@33990a0c]" started-at="2024-02-13T21:43:36 IST" name="runScenario" description="Runs Cucumber Scenarios" data-provider="scenarios" finished-at="2024-02-13T21:43:43 IST" duration-ms="6440" status="PASS">
          <params>
            <param index="0">
              <value>
                <![CDATA["Account icon check"]]>
              </value>
            </param>
            <param index="1">
              <value>
                <![CDATA["Account page check"]]>
              </value>
            </param>
          </params>
          <reporter-output>
          </reporter-output>
        </test-method> <!-- runScenario -->
        <test-method signature="runScenario(io.cucumber.testng.PickleWrapper,io.cucumber.testng.FeatureWrapper)[pri:0, instance:TestRunner@33990a0c]" started-at="2024-02-13T21:43:43 IST" name="runScenario" description="Runs Cucumber Scenarios" data-provider="scenarios" finished-at="2024-02-13T21:43:47 IST" duration-ms="4178" status="PASS">
          <params>
            <param index="0">
              <value>
                <![CDATA["Header pages check method"]]>
              </value>
            </param>
            <param index="1">
              <value>
                <![CDATA["Header Section Check"]]>
              </value>
            </param>
          </params>
          <reporter-output>
          </reporter-output>
        </test-method> <!-- runScenario -->
        <test-method signature="runScenario(io.cucumber.testng.PickleWrapper,io.cucumber.testng.FeatureWrapper)[pri:0, instance:TestRunner@33990a0c]" started-at="2024-02-13T21:43:47 IST" name="runScenario" description="Runs Cucumber Scenarios" data-provider="scenarios" finished-at="2024-02-13T21:43:51 IST" duration-ms="4040" status="PASS">
          <params>
            <param index="0">
              <value>
                <![CDATA["heading check"]]>
              </value>
            </param>
            <param index="1">
              <value>
                <![CDATA["home page name check"]]>
              </value>
            </param>
          </params>
          <reporter-output>
          </reporter-output>
        </test-method> <!-- runScenario -->
        <test-method signature="runScenario(io.cucumber.testng.PickleWrapper,io.cucumber.testng.FeatureWrapper)[pri:0, instance:TestRunner@33990a0c]" started-at="2024-02-13T21:43:51 IST" name="runScenario" description="Runs Cucumber Scenarios" data-provider="scenarios" finished-at="2024-02-13T21:43:54 IST" duration-ms="3694" status="PASS">
          <params>
            <param index="0">
              <value>
                <![CDATA["User Interface Successful"]]>
              </value>
            </param>
            <param index="1">
              <value>
                <![CDATA["User Interface"]]>
              </value>
            </param>
          </params>
          <reporter-output>
          </reporter-output>
        </test-method> <!-- runScenario -->
        <test-method signature="runScenario(io.cucumber.testng.PickleWrapper,io.cucumber.testng.FeatureWrapper)[pri:0, instance:TestRunner@33990a0c]" started-at="2024-02-13T21:43:54 IST" name="runScenario" description="Runs Cucumber Scenarios" data-provider="scenarios" finished-at="2024-02-13T21:43:58 IST" duration-ms="3220" status="PASS">
          <params>
            <param index="0">
              <value>
                <![CDATA["Login Functional Username empty Successful"]]>
              </value>
            </param>
            <param index="1">
              <value>
                <![CDATA["User Interface"]]>
              </value>
            </param>
          </params>
          <reporter-output>
          </reporter-output>
        </test-method> <!-- runScenario -->
        <test-method signature="runScenario(io.cucumber.testng.PickleWrapper,io.cucumber.testng.FeatureWrapper)[pri:0, instance:TestRunner@33990a0c]" started-at="2024-02-13T21:43:58 IST" name="runScenario" description="Runs Cucumber Scenarios" data-provider="scenarios" finished-at="2024-02-13T21:44:02 IST" duration-ms="3801" status="PASS">
          <params>
            <param index="0">
              <value>
                <![CDATA["Login Functional Password empty Successful"]]>
              </value>
            </param>
            <param index="1">
              <value>
                <![CDATA["User Interface"]]>
              </value>
            </param>
          </params>
          <reporter-output>
          </reporter-output>
        </test-method> <!-- runScenario -->
        <test-method signature="runScenario(io.cucumber.testng.PickleWrapper,io.cucumber.testng.FeatureWrapper)[pri:0, instance:TestRunner@33990a0c]" started-at="2024-02-13T21:44:02 IST" name="runScenario" description="Runs Cucumber Scenarios" data-provider="scenarios" finished-at="2024-02-13T21:44:05 IST" duration-ms="3863" status="PASS">
          <params>
            <param index="0">
              <value>
                <![CDATA["Login Functional Wrong Password Successful"]]>
              </value>
            </param>
            <param index="1">
              <value>
                <![CDATA["User Interface"]]>
              </value>
            </param>
          </params>
          <reporter-output>
          </reporter-output>
        </test-method> <!-- runScenario -->
        <test-method signature="runScenario(io.cucumber.testng.PickleWrapper,io.cucumber.testng.FeatureWrapper)[pri:0, instance:TestRunner@33990a0c]" started-at="2024-02-13T21:44:05 IST" name="runScenario" description="Runs Cucumber Scenarios" data-provider="scenarios" finished-at="2024-02-13T21:44:09 IST" duration-ms="3219" status="PASS">
          <params>
            <param index="0">
              <value>
                <![CDATA["Login Functional Wrong username Successful"]]>
              </value>
            </param>
            <param index="1">
              <value>
                <![CDATA["User Interface"]]>
              </value>
            </param>
          </params>
          <reporter-output>
          </reporter-output>
        </test-method> <!-- runScenario -->
        <test-method signature="runScenario(io.cucumber.testng.PickleWrapper,io.cucumber.testng.FeatureWrapper)[pri:0, instance:TestRunner@33990a0c]" started-at="2024-02-13T21:44:09 IST" name="runScenario" description="Runs Cucumber Scenarios" data-provider="scenarios" finished-at="2024-02-13T21:44:12 IST" duration-ms="3725" status="PASS">
          <params>
            <param index="0">
              <value>
                <![CDATA["Login Functional correct Successful"]]>
              </value>
            </param>
            <param index="1">
              <value>
                <![CDATA["User Interface"]]>
              </value>
            </param>
          </params>
          <reporter-output>
          </reporter-output>
        </test-method> <!-- runScenario -->
        <test-method signature="runScenario(io.cucumber.testng.PickleWrapper,io.cucumber.testng.FeatureWrapper)[pri:0, instance:TestRunner@33990a0c]" started-at="2024-02-13T21:44:12 IST" name="runScenario" description="Runs Cucumber Scenarios" data-provider="scenarios" finished-at="2024-02-13T21:44:19 IST" duration-ms="7135" status="PASS">
          <params>
            <param index="0">
              <value>
                <![CDATA["sMovie deatils page in icon"]]>
              </value>
            </param>
            <param index="1">
              <value>
                <![CDATA["MovieDetails Page"]]>
              </value>
            </param>
          </params>
          <reporter-output>
          </reporter-output>
        </test-method> <!-- runScenario -->
        <test-method signature="runScenario(io.cucumber.testng.PickleWrapper,io.cucumber.testng.FeatureWrapper)[pri:0, instance:TestRunner@33990a0c]" started-at="2024-02-13T21:44:19 IST" name="runScenario" description="Runs Cucumber Scenarios" data-provider="scenarios" finished-at="2024-02-13T21:44:25 IST" duration-ms="5219" status="PASS">
          <params>
            <param index="0">
              <value>
                <![CDATA["Popular page movie check"]]>
              </value>
            </param>
            <param index="1">
              <value>
                <![CDATA["popular page check with section"]]>
              </value>
            </param>
          </params>
          <reporter-output>
          </reporter-output>
        </test-method> <!-- runScenario -->
        <test-method signature="runScenario(io.cucumber.testng.PickleWrapper,io.cucumber.testng.FeatureWrapper)[pri:0, instance:TestRunner@33990a0c]" started-at="2024-02-13T21:44:25 IST" name="runScenario" description="Runs Cucumber Scenarios" data-provider="scenarios" finished-at="2024-02-13T21:44:37 IST" duration-ms="12736" status="PASS">
          <params>
            <param index="0">
              <value>
                <![CDATA["search page click button"]]>
              </value>
            </param>
            <param index="1">
              <value>
                <![CDATA["search page click with button"]]>
              </value>
            </param>
          </params>
          <reporter-output>
          </reporter-output>
        </test-method> <!-- runScenario -->
        <test-method is-config="true" signature="tearDownClass()[pri:0, instance:TestRunner@33990a0c]" started-at="2024-02-13T21:44:37 IST" name="tearDownClass" finished-at="2024-02-13T21:44:37 IST" duration-ms="0" status="PASS">
          <reporter-output>
          </reporter-output>
        </test-method> <!-- tearDownClass -->
      </class> <!-- TestRunner -->
    </test> <!-- LoginMethodTest -->
  </suite> <!-- Default Suite -->
</testng-results>
